<?xml version="1.0" encoding="UTF-8"?>
<testsuite xmlns:xsi="http://www.w3.org/2001/XMLSchema-instance" xsi:noNamespaceSchemaLocation="https://maven.apache.org/surefire/maven-surefire-plugin/xsd/surefire-test-report-3.0.xsd" version="3.0" name="com.unicenta.PackageScanTest" time="0.179" tests="1" errors="0" skipped="0" failures="0">
  <properties>
[...]
</properties>
  <testcase name="shouldScanPackage" classname="com.unicenta.PackageScanTest" time="0.177">
    <system-out><![CDATA[2024-08-17 18:00:57 [main] INFO  org.reflections.Reflections - Reflections took 81 ms to scan 3 urls, producing 163 keys and 357 values  
]]></system-out>
  </testcase>
</testsuite>